make.exe all --print-data-base --no-builtin-variables --no-builtin-rules --question
# GNU Make 3.82.90
# Built for i686-pc-mingw32
# Copyright (C) 1988-2012 Free Software Foundation, Inc.
# License GPLv3+: GNU GPL version 3 or later <http://gnu.org/licenses/gpl.html>
# This is free software: you are free to change and redistribute it.
# There is NO WARRANTY, to the extent permitted by law.
 

# Make data base, printed on Thu Dec 09 15:49:23 2021

# Variables

# automatic
<D = $(patsubst %/,%,$(patsubst %\,%,$(dir $<)))
# automatic
?F = $(notdir $?)
# default
.SHELLFLAGS := -c
# makefile
MAKEFLAGS = Rrqp
# environment
VSCODE_LOG_NATIVE = false
# automatic
?D = $(patsubst %/,%,$(patsubst %\,%,$(dir $?)))
# automatic
@D = $(patsubst %/,%,$(patsubst %\,%,$(dir $@)))
# environment
HOMEDRIVE = C:
# automatic
@F = $(notdir $@)
# automatic
^D = $(patsubst %/,%,$(patsubst %\,%,$(dir $^)))
# makefile
CURDIR := c:/Users/emirk/Documents/vsCode/C/BP3_P1
# default
SHELL := sh.exe
# environment
WINDIR = C:\WINDOWS
# environment
VSCODE_NLS_CONFIG = {"locale":"en","availableLanguages":{},"_languagePackSupport":true}
# makefile (from 'makefile', line 2)
CFLAGS = -c -Wall
# environment
ONEDRIVE = C:\Users\emirk\OneDrive
# environment
PATHEXT = .COM;.EXE;.BAT;.CMD;.VBS;.VBE;.JS;.JSE;.WSF;.WSH;.MSC
# makefile (from 'makefile', line 1)
MAKEFILE_LIST :=  makefile
# environment
TMP = C:\Users\emirk\AppData\Local\Temp
# environment
VSCODE_VERBOSE_LOGGING = true
# environment
PROGRAMW6432 = C:\Program Files
# environment
PROGRAMDATA = C:\ProgramData
# environment
VSCODE_IPC_HOOK_EXTHOST = \\.\pipe\vscode-ipc-c3695e9c-7768-4cd2-b0d6-dfe6c2ddb7fb-sock
# environment
VSCODE_CWD = C:\Program Files\Microsoft VS Code
# environment
PATH = C:\Program Files (x86)\Common Files\Intel\Shared Libraries\redist\intel64\compiler;C:\Program Files (x86)\VMware\VMware Workstation\bin\;C:\WINDOWS\system32;C:\WINDOWS;C:\WINDOWS\System32\Wbem;C:\WINDOWS\System32\WindowsPowerShell\v1.0\;C:\WINDOWS\System32\OpenSSH\;C:\Program Files\Git\cmd;C:\Program Files\dotnet\;C:\Program Files (x86)\IVI Foundation\VISA\WinNT\Bin\;C:\Program Files\IVI Foundation\VISA\Win64\Bin\;C:\Program Files (x86)\IVI Foundation\IVI\bin;C:\Program Files\IVI Foundation\IVI\bin;C:\Program Files (x86)\IVI Foundation\VISA\WinNT\Bin;C:\MinGW\bin;C:\Program Files\Java\jre1.8.0_301\bin;C:\Program Files (x86)\National Instruments\Shared\LabVIEW CLI;C:\Program Files\Microsoft VS Code\bin;C:\MinGW\libexec\gcc\mingw32\6.3.0;C:\Program Files\Polyspace\R2020b\runtime\win64;C:\Program Files\Polyspace\R2020b\bin;C:\Users\emirk\AppData\Local\Microsoft\WindowsApps;C:\Users\emirk\Documents\flutter\bin;C:\MinGW\bin;
# environment
COMMONPROGRAMW6432 = C:\Program Files\Common Files
# environment
NIEXTCCOMPILERSUPP = C:\Program Files (x86)\National Instruments\Shared\ExternalCompilerSupport\C\
# environment
PROCESSOR_ARCHITECTURE = x86
# environment
VXIPNPPATH64 = C:\Program Files\IVI Foundation\VISA 
\
# environment
VSCODE_IPC_HOOK = \\.\pipe\a4c65f8e311b52c1d218c7c95910b11b-1.62.3-main-sock
# environment
USERPROFILE = C:\Users\emirk
# environment
ALLUSERSPROFILE = C:\ProgramData
# environment
VSCODE_LOG_STACK = false
# environment
NUMBER_OF_PROCESSORS = 4
# environment
ELECTRON_RUN_AS_NODE = 1
# default
.FEATURES := target-specific order-only second-expansion else-if shortest-stem undefine oneshell archives jobserver
# automatic
%F = $(notdir $%)
# environment
CHROME_CRASHPAD_PIPE_NAME = \\.\pipe\crashpad_5680_BLPDVHBMACFMNTJD
# environment
VSCODE_PIPE_LOGGING = true
# environment
COMPUTERNAME = EMIR
# environment
PROGRAMFILES = C:\Program Files (x86)
# environment
DRIVERDATA = C:\Windows\System32\Drivers\DriverData
# environment
ORIGINAL_XDG_CURRENT_DESKTOP = undefined
# environment
USERNAME = emirk
# environment
PUBLIC = C:\Users\Public
# environment
VSCODE_AMD_ENTRYPOINT = vs/workbench/services/extensions/node/extensionHostProcess
# environment
VSCODE_CODE_CACHE_PATH = C:\Users\emirk\AppData\Roaming\Code\CachedData\ccbaa2d27e38e5afa3e5c21c1c7bef4657064247
# environment
APPLICATION_INSIGHTS_NO_DIAGNOSTIC_CHANNEL = true
# environment
COMMONPROGRAMFILES = C:\Program Files (x86)\Common Files
# environment
LOGONSERVER = \\EMIR
# environment
ONEDRIVECONSUMER = C:\Users\emirk\OneDrive
# environment
VSCODE_HANDLES_UNCAUGHT_ERRORS = true
# environment
USERDOMAIN = EMIR
# environment
MIC_LD_LIBRARY_PATH = C:\Program Files (x86)\Common Files\Intel\Shared Libraries\compiler\lib\mic
# environment
MAKELEVEL := 0
# default
MAKE = $(MAKE_COMMAND)
# default
MAKECMDGOALS := all
# environment
IVIROOTDIR32 = C:\Program Files (x86)\IVI Foundation\IVI\
# makefile (from 'makefile', line 1)
CC = gcc
# environment
JAVA_HOME = C:\Program Files\Java\jre1.8.0_301
# default
MAKE_VERSION := 3.82.90
# makefile
.DEFAULT_GOAL := all
# environment
PROGRAMFILES(X86) = C:\Program Files (x86)
# automatic
%D = $(patsubst %/,%,$(patsubst %\,%,$(dir $%)))
# environment
LOCALAPPDATA = C:\Users\emirk\AppData\Local
# environment
PSMODULEPATH = C:\Program Files\WindowsPowerShell\Modules;C:\WINDOWS\system32\WindowsPowerShell\v1.0\Modules
# default
MAKE_COMMAND := make.exe
# environment
PROCESSOR_ARCHITEW6432 = AMD64
# default
.VARIABLES := 
# automatic
*F = $(notdir $*)
# environment
PROCESSOR_IDENTIFIER = Intel64 Family 6 Model 60 Stepping 3, GenuineIntel
# environment
OS = Windows_NT
# environment
IVIROOTDIR64 = C:\Program Files\IVI Foundation\IVI\
# environment
HOMEPATH = \Users\emirk
# environment
COMMONPROGRAMFILES(X86) = C:\Program Files (x86)\Common Files
# environment
PROMPT = $P$G
# environment
MFLAGS = -Rrqp
# automatic
*D = $(patsubst %/,%,$(patsubst %\,%,$(dir $*)))
# environment
INTEL_DEV_REDIST = C:\Program Files (x86)\Common Files\Intel\Shared Libraries\
# environment
SYSTEMROOT = C:\WINDOWS
# automatic
+D = $(patsubst %/,%,$(patsubst %\,%,$(dir $+)))
# automatic
+F = $(notdir $+)
# environment
APPDATA = C:\Users\emirk\AppData\Roaming
# environment
VXIPNPPATH = C:\Program Files (x86)\IVI Foundation\VISA\
# environment
TEMP = C:\Users\emirk\AppData\Local\Temp
# environment
COMSPEC = C:\WINDOWS\system32\cmd.exe
# default
MAKEFILES := 
# automatic
<F = $(notdir $<)
# environment
LC_ALL = C
# automatic
^F = $(notdir $^)
# default
SUFFIXES := 
# environment
SYSTEMDRIVE = C:
# environment
SESSIONNAME = Console
# environment
PROCESSOR_REVISION = 3c03
# default
.INCLUDE_DIRS = C:/MinGW/include
# default
.RECIPEPREFIX := 
# environment
LANG = C
# environment
PROCESSOR_LEVEL = 6
# environment
VSCODE_PID = 5680
# environment
USERDOMAIN_ROAMINGPROFILE  
= EMIR
# variable set hash-table stats:
# Load=100/1024=10%, Rehash=0, Collisions=13/124=10%

# Pattern-specific Variable Values

# No pattern-specific variable values.

# Directories

# C:\Users\emirk\AppData\Local\Microsoft\WindowsApps (key C:/Users/emirk/AppData/Local/Microsoft/WindowsApps, mtime 1638951744): 28 files, no impossibilities.
# C:\Program Files\Polyspace\R2020b\bin (key C:/Program Files/Polyspace/R2020b/bin, mtime 1635721626): 19 files, no impossibilities.
# C:\WINDOWS\System32\WindowsPowerShell\v1.0\ (key C:/WINDOWS/System32/WindowsPowerShell/v1.0/, mtime 1636819488): 30 files, no impossibilities.
# . (key c:/Users/emirk/Documents/vsCode/C/BP3_P1, mtime 1639047725): 16 files, no impossibilities.
# C:\Program Files\Git\cmd (key C:/Program Files/Git/cmd, mtime 1632736689): 8 files, no impossibilities.
# C:\WINDOWS\System32\OpenSSH\: could not be stat'd.
# C:\MinGW\bin (key C:/MinGW/bin, mtime 1639047714): 144 files, no impossibilities.
# C:\Program Files (x86)\IVI Foundation\IVI\bin (key C:/Program Files (x86)/IVI Foundation/IVI/bin, mtime 1633358273): 29 files, no impossibilities.
# C:\WINDOWS (key C:/WINDOWS, mtime 1633454786): 119 files, no impossibilities.
# C:\Program Files\IVI Foundation\VISA\Win64\Bin\ (key C:/Program Files/IVI Foundation/VISA/Win64/Bin/, mtime 1633359567): 2 files, no impossibilities.
# C:\Program Files\Polyspace\R2020b\runtime\win64 (key C:/Program Files/Polyspace/R2020b/runtime/win64, mtime 1635721632): 10 files, no impossibilities.
# C:\Program Files (x86)\National Ins 
truments\Shared\LabVIEW CLI (key C:/Program Files (x86)/National Instruments/Shared/LabVIEW CLI, mtime 1633525928): 6 files, no impossibilities.
# C:\Program Files (x86)\Common Files\Intel\Shared Libraries\redist\intel64\compiler (key C:/Program Files (x86)/Common Files/Intel/Shared Libraries/redist/intel64/compiler, mtime 1634821643): 17 files, no impossibilities.
# C:\Users\emirk\Documents\flutter\bin (key C:/Users/emirk/Documents/flutter/bin, mtime 1631914527): 9 files, no impossibilities.
# C:\WINDOWS\System32\Wbem (key C:/WINDOWS/System32/Wbem, mtime 1636819841): 163 files, no impossibilities.
# C:\MinGW\libexec\gcc\mingw32\6.3.0 (key C:/MinGW/libexec/gcc/mingw32/6.3.0, mtime 1633086116): 14 files, no impossibilities.
# C:\Program Files\Java\jre1.8.0_301\bin (key C:/Program Files/Java/jre1.8.0_301/bin, mtime 1632504865): 130 files, no impossibilities.
# C:\Program Files\dotnet\ (key C:/Program Files/dotnet/, mtime 1632826449): 8 files, no impossibilities.
# C:\WINDOWS\system32 (key C:/WINDOWS/system32, mtime 1639053003): 3129 files, no impossibilities.
# C:\Program Files (x86)\IVI Foundation\VISA\WinNT\Bin\ (key C:/Program Files (x86)/IVI Foundation/VISA/WinNT/Bin/, mtime 1633359568): 2 files, no impossibilities.
# C:\Program Files\Microsoft VS Code\bin (key C:/Program Files/Microsoft VS Code/bin, mtime 1638360774): 4 files, no impossibilities.
# C:\Program Files\IVI Foundation\IVI\bin (key C:/Program Files/IVI Foundation/IVI/bin, mtime 1633358273): 24 files, no impossibilities.
# C:\Program Files (x86)\IV 
I Foundation\VISA\WinNT\Bin (key C:/Program Files (x86)/IVI Foundation/VISA/WinNT/Bin, mtime 1633359568): 2 files, no impossibilities.
# C:\Program Files (x86)\VMware\VMware Workstation\bin\ (key C:/Program Files (x86)/VMware/VMware Workstation/bin/, mtime 1634322249): 4 files, no impossibilities.

# 3917 files, no impossibilities in 24 directories.

# Implicit Rules

# No implicit rules.

# Files

# Not a target:
matrisoperations.c:
#  Implicit rule search has not been done.
#  Modification time never checked.
#  File has not been updated.

all: makeBP3 clean run
#  Command line target.
#  Implicit rule search has been done.
#  File does not exist.
#  File has been updated.
#  Needs to be updated (-q is set).
# variable set hash-table stats:
# Load=0/32=0%, Rehash=0, Collisions=0/5=0%

# Not a target:
main.c:
#  Implicit rule search has been done.
#  Last modified 2021-12-09 14:01:13
#  File has been updated.
#  Successfully updated.

# Not a target:
matrisoperations.h:
#  Implicit rule search has not been done.
#  Modification time never checked.
#  File has not been updated.

# Not a target:
.SUFFIXES:
#  Implicit rule search has not been done.
#  Modification time never checked.
#  File has not been updated.

# Not a target:
makefile:
#  Implicit rule search has been done.
#  Last modified 2021-12-09 14:01:13
#  File has been updated.
#  Successfully updated.

# Not a target:
.DEFAULT:
#  Implicit rule search has not been done.
#  Modification time never checked.
#  File has not been updated.

run:
#  Impli 
cit rule search has not been done.
#  Modification time never checked.
#  File has not been updated.
#  recipe to execute (from 'makefile', line 15):
	BP3Proje.exe

clean:
#  Implicit rule search has not been done.
#  Modification time never checked.
#  File has not been updated.
#  recipe to execute (from 'makefile', line 13):
	del *.o

makeBP3: main.o matrisoperations.o
#  Implicit rule search has not been done.
#  File does not exist.
#  File has been updated.
#  Needs to be updated (-q is set).
# variable set hash-table stats:
# Load=0/32=0%, Rehash=0, Collisions=0/5=0%
#  recipe to execute (from 'makefile', line 6):
	$(CC) main.o matrisoperations.o -o BP3Proje

matrisoperations.o: matrisoperations.c matrisoperations.h
#  Implicit rule search has not been done.
#  Modification time never checked.
#  File has not been updated.
#  recipe to execute (from 'makefile', line 11):
	$(CC) $(CFLAGS) matrisoperations.c

main.o: main.c
#  Implicit rule search has not been done.
#  Implicit/static pattern stem: ''
#  File does not exist.
#  File has been updated.
#  Needs to be updated (-q is set).
# automatic
# @ := main.o
# automatic
# % := 
# automatic
# * := 
# automatic
# + := main.c
# automatic
# | := 
# automatic
# < := main.c
# automatic
# ^ := main.c
# automatic
# ? := main.c
# variable set hash-table stats:
# Load=8/32=25%, Rehash=0, Collisions=1/13=8%
#  recipe to execute (from 'makefile', line 9):
	$(CC) $(CFLAGS) main.c

# files hash-table stats:
# Load=12/1024=1%, Rehash=0, Collisions=0/37=0%
# VPATH Sear 
ch Paths

# No 'vpath' search paths.

# No general ('VPATH' variable) search path.

# strcache buffers: 8 (7) / strings = 3864 / storage = 59135 B / avg = 15 B
# current buf: size = 8174 B / used = 1968 B / count = 117 / avg = 16 B
# other used: total = 50961 B / count = 3747 / avg = 13 B
# other free: total = 51 B / max = 12 B / min = 1 B / avg = 7 B

# strcache performance: lookups = 3968 / hit rate = 2%
# hash-table stats:
# Load=3864/8192=47%, Rehash=0, Collisions=1531/3968=39%
# Finished Make data base on Thu Dec 09 15:49:23 2021

 
